2025-08-29 09:58:56,478 - relex - INFO - Log file: /home/user/git_code/relex/logs/sampleScript1_2025-08-29T09:58:56.477361.log
2025-08-29 09:58:56,479 - relex - INFO - Station file: /home/user/git_code/relex/testbed/tb.yaml
2025-08-29 09:58:56,479 - relex - INFO - Param file: /home/user/git_code/relex/script/sample/sampleScript1.prm
2025-08-29 09:58:56,480 - relex - INFO - Log level: debug
2025-08-29 09:58:56,493 - relex - DEBUG - Backup stations for 'vm1' are '['mylinux2', 'mylinux3', 'mylinux4']'
2025-08-29 09:58:56,495 - relex - DEBUG - Backup stations for 'vm2' are '['mylinux3', 'mylinux4']'
2025-08-29 09:58:56,496 - relex - INFO - *** Starting Execution Of Script - /home/user/git_code/relex/script/sample/sampleScript1.py ***
2025-08-29 09:58:57,070 - relex - OK - Success in connecting to vm1
2025-08-29 09:58:57,646 - relex - OK - Success in connecting to vm2
2025-08-29 09:58:57,646 - relex - OK - Setup step 1
2025-08-29 09:58:57,648 - relex - OK - Setup step 2
2025-08-29 09:58:57,649 - relex - INFO - +++ Starting Execution Of Test1 +++
2025-08-29 09:58:57,711 - relex - OK - File bashrc exists in vm1
2025-08-29 09:58:57,712 - relex - OK - Test 1, step 1
2025-08-29 09:58:57,713 - relex - OK - Test 1, clean 1
2025-08-29 09:58:57,714 - relex - INFO - +++ Ending Execution Of Test1 +++
2025-08-29 09:58:57,716 - relex - INFO - +++ Starting Execution Of Test2 +++
2025-08-29 09:58:57,779 - relex - OK - File bashrc exists in vm2
2025-08-29 09:58:57,780 - relex - OK - Test 2, step 1
2025-08-29 09:58:57,836 - relex - OK - pwd command executed successfully in vm2
2025-08-29 09:58:57,836 - relex - OK - Test 2, step 2
2025-08-29 09:58:57,837 - relex - OK - Test 2, clean 2
2025-08-29 09:58:57,837 - relex - OK - Test 2, clean 1
2025-08-29 09:58:57,837 - relex - INFO - +++ Ending Execution Of Test2 +++
2025-08-29 09:58:57,838 - relex - OK - Setup clean 2
2025-08-29 09:58:57,940 - relex - OK - Success in closing vm1
2025-08-29 09:58:58,041 - relex - OK - Success in closing vm2
2025-08-29 09:58:58,041 - relex - OK - Setup clean 1
2025-08-29 09:58:58,041 - relex - INFO - *** Ending Script Execution ***
